[2020-06-30 07:48:48] api[].ERROR: Directus\Exception\NotInstalledException: This Directus instance has not been configured. Install via the Directus App (eg: /admin) or read more about configuration at: https://docs.directus.io/getting-started/installation.html#configure in F:\aaic.directus\src\endpoints\Server.php:46
Stack trace:
#0 [internal function]: Directus\Api\Routes\Server->projects
#1 F:\aaic.directus\vendor\slim\slim\Slim\Handlers\Strategies\RequestResponse.php(40): call_user_func
#2 F:\aaic.directus\vendor\slim\slim\Slim\Route.php(281): Slim\Handlers\Strategies\RequestResponse->__invoke
#3 F:\aaic.directus\vendor\slim\slim\Slim\MiddlewareAwareTrait.php(117): Slim\Route->__invoke
#4 F:\aaic.directus\vendor\slim\slim\Slim\Route.php(268): Slim\Route->callMiddlewareStack
#5 F:\aaic.directus\vendor\slim\slim\Slim\App.php(503): Slim\Route->run
#6 F:\aaic.directus\src\core\Directus\Application\Http\Middleware\CorsMiddleware.php(71): Slim\App->__invoke
#7 [internal function]: Directus\Application\Http\Middleware\CorsMiddleware->__invoke
#8 F:\aaic.directus\vendor\slim\slim\Slim\DeferredCallable.php(57): call_user_func_array
#9 [internal function]: Slim\DeferredCallable->__invoke
#10 F:\aaic.directus\vendor\slim\slim\Slim\MiddlewareAwareTrait.php(70): call_user_func
#11 F:\aaic.directus\vendor\slim\slim\Slim\MiddlewareAwareTrait.php(117): Slim\App->Slim\{closure}
#12 F:\aaic.directus\vendor\slim\slim\Slim\App.php(392): Slim\App->callMiddlewareStack
#13 F:\aaic.directus\vendor\slim\slim\Slim\App.php(297): Slim\App->process
#14 F:\aaic.directus\src\core\Directus\Application\Application.php(161): Slim\App->run
#15 F:\aaic.directus\index.php(5): Directus\Application\Application->run [] []
[2020-06-30 12:42:55] api[aaicnote].ERROR: Directus\Authentication\Exception\InvalidUserCredentialsException: Invalid user credentials in F:\aaic.directus\src\core\Directus\Authentication\Provider.php:176
Stack trace:
#0 F:\aaic.directus\src\core\Directus\Authentication\Provider.php(127): Directus\Authentication\Provider->findUserWithCredentials
#1 F:\aaic.directus\src\core\Directus\Services\AuthService.php(59): Directus\Authentication\Provider->login
#2 F:\aaic.directus\src\endpoints\Auth.php(67): Directus\Services\AuthService->loginWithCredentials
#3 [internal function]: Directus\Api\Routes\Auth->authenticate
#4 F:\aaic.directus\vendor\slim\slim\Slim\Handlers\Strategies\RequestResponse.php(40): call_user_func
#5 F:\aaic.directus\vendor\slim\slim\Slim\Route.php(281): Slim\Handlers\Strategies\RequestResponse->__invoke
#6 F:\aaic.directus\src\core\Directus\Application\Http\Middleware\TableGatewayMiddleware.php(25): Slim\Route->__invoke
#7 [internal function]: Directus\Application\Http\Middleware\TableGatewayMiddleware->__invoke
#8 F:\aaic.directus\vendor\slim\slim\Slim\DeferredCallable.php(57): call_user_func_array
#9 [internal function]: Slim\DeferredCallable->__invoke
#10 F:\aaic.directus\vendor\slim\slim\Slim\MiddlewareAwareTrait.php(70): call_user_func
#11 F:\aaic.directus\src\core\Directus\Application\Http\Middleware\DatabaseMigrationMiddleware.php(15): Slim\Route->Slim\{closure}
#12 [internal function]: Directus\Application\Http\Middleware\DatabaseMigrationMiddleware->__invoke
#13 F:\aaic.directus\vendor\slim\slim\Slim\DeferredCallable.php(57): call_user_func_array
#14 [internal function]: Slim\DeferredCallable->__invoke
#15 F:\aaic.directus\vendor\slim\slim\Slim\MiddlewareAwareTrait.php(70): call_user_func
#16 F:\aaic.directus\vendor\slim\slim\Slim\MiddlewareAwareTrait.php(117): Slim\Route->Slim\{closure}
#17 F:\aaic.directus\vendor\slim\slim\Slim\Route.php(268): Slim\Route->callMiddlewareStack
#18 F:\aaic.directus\vendor\slim\slim\Slim\App.php(503): Slim\Route->run
#19 F:\aaic.directus\src\core\Directus\Application\Http\Middleware\AbstractRateLimitMiddleware.php(34): Slim\App->__invoke
#20 [internal function]: Directus\Application\Http\Middleware\AbstractRateLimitMiddleware->__invoke
#21 F:\aaic.directus\vendor\slim\slim\Slim\DeferredCallable.php(57): call_user_func_array
#22 [internal function]: Slim\DeferredCallable->__invoke
#23 F:\aaic.directus\vendor\slim\slim\Slim\MiddlewareAwareTrait.php(70): call_user_func
#24 F:\aaic.directus\vendor\directus\proxy-detection\src\ProxyDetectionMiddleware.php(30): Slim\App->Slim\{closure}
#25 F:\aaic.directus\src\core\Directus\Application\Http\Middleware\ProxyMiddleware.php(18): RKA\Middleware\ProxyDetectionMiddleware->__invoke
#26 [internal function]: Directus\Application\Http\Middleware\ProxyMiddleware->__invoke
#27 F:\aaic.directus\vendor\slim\slim\Slim\DeferredCallable.php(57): call_user_func_array
#28 [internal function]: Slim\DeferredCallable->__invoke
#29 F:\aaic.directus\vendor\slim\slim\Slim\MiddlewareAwareTrait.php(70): call_user_func
#30 F:\aaic.directus\vendor\akrabat\ip-address-middleware\src\IpAddress.php(113): Slim\App->Slim\{closure}
#31 [internal function]: RKA\Middleware\IpAddress->__invoke
#32 F:\aaic.directus\vendor\slim\slim\Slim\DeferredCallable.php(57): call_user_func_array
#33 [internal function]: Slim\DeferredCallable->__invoke
#34 F:\aaic.directus\vendor\slim\slim\Slim\MiddlewareAwareTrait.php(70): call_user_func
#35 F:\aaic.directus\src\core\Directus\Application\Http\Middleware\CorsMiddleware.php(71): Slim\App->Slim\{closure}
#36 [internal function]: Directus\Application\Http\Middleware\CorsMiddleware->__invoke
#37 F:\aaic.directus\vendor\slim\slim\Slim\DeferredCallable.php(57): call_user_func_array
#38 [internal function]: Slim\DeferredCallable->__invoke
#39 F:\aaic.directus\vendor\slim\slim\Slim\MiddlewareAwareTrait.php(70): call_user_func
#40 F:\aaic.directus\src\core\Directus\Application\Http\Middleware\ResponseCacheMiddleware.php(63): Slim\App->Slim\{closure}
#41 [internal function]: Directus\Application\Http\Middleware\ResponseCacheMiddleware->__invoke
#42 F:\aaic.directus\vendor\slim\slim\Slim\DeferredCallable.php(57): call_user_func_array
#43 [internal function]: Slim\DeferredCallable->__invoke
#44 F:\aaic.directus\vendor\slim\slim\Slim\MiddlewareAwareTrait.php(70): call_user_func
#45 F:\aaic.directus\vendor\slim\slim\Slim\MiddlewareAwareTrait.php(117): Slim\App->Slim\{closure}
#46 F:\aaic.directus\vendor\slim\slim\Slim\App.php(392): Slim\App->callMiddlewareStack
#47 F:\aaic.directus\vendor\slim\slim\Slim\App.php(297): Slim\App->process
#48 F:\aaic.directus\src\core\Directus\Application\Application.php(161): Slim\App->run
#49 F:\aaic.directus\index.php(5): Directus\Application\Application->run [] []
[2020-06-30 12:43:03] api[aaicnote].ERROR: Directus\Authentication\Exception\InvalidUserCredentialsException: Invalid user credentials in F:\aaic.directus\src\core\Directus\Authentication\Provider.php:176
Stack trace:
#0 F:\aaic.directus\src\core\Directus\Authentication\Provider.php(127): Directus\Authentication\Provider->findUserWithCredentials
#1 F:\aaic.directus\src\core\Directus\Services\AuthService.php(59): Directus\Authentication\Provider->login
#2 F:\aaic.directus\src\endpoints\Auth.php(67): Directus\Services\AuthService->loginWithCredentials
#3 [internal function]: Directus\Api\Routes\Auth->authenticate
#4 F:\aaic.directus\vendor\slim\slim\Slim\Handlers\Strategies\RequestResponse.php(40): call_user_func
#5 F:\aaic.directus\vendor\slim\slim\Slim\Route.php(281): Slim\Handlers\Strategies\RequestResponse->__invoke
#6 F:\aaic.directus\src\core\Directus\Application\Http\Middleware\TableGatewayMiddleware.php(25): Slim\Route->__invoke
#7 [internal function]: Directus\Application\Http\Middleware\TableGatewayMiddleware->__invoke
#8 F:\aaic.directus\vendor\slim\slim\Slim\DeferredCallable.php(57): call_user_func_array
#9 [internal function]: Slim\DeferredCallable->__invoke
#10 F:\aaic.directus\vendor\slim\slim\Slim\MiddlewareAwareTrait.php(70): call_user_func
#11 F:\aaic.directus\src\core\Directus\Application\Http\Middleware\DatabaseMigrationMiddleware.php(15): Slim\Route->Slim\{closure}
#12 [internal function]: Directus\Application\Http\Middleware\DatabaseMigrationMiddleware->__invoke
#13 F:\aaic.directus\vendor\slim\slim\Slim\DeferredCallable.php(57): call_user_func_array
#14 [internal function]: Slim\DeferredCallable->__invoke
#15 F:\aaic.directus\vendor\slim\slim\Slim\MiddlewareAwareTrait.php(70): call_user_func
#16 F:\aaic.directus\vendor\slim\slim\Slim\MiddlewareAwareTrait.php(117): Slim\Route->Slim\{closure}
#17 F:\aaic.directus\vendor\slim\slim\Slim\Route.php(268): Slim\Route->callMiddlewareStack
#18 F:\aaic.directus\vendor\slim\slim\Slim\App.php(503): Slim\Route->run
#19 F:\aaic.directus\src\core\Directus\Application\Http\Middleware\AbstractRateLimitMiddleware.php(34): Slim\App->__invoke
#20 [internal function]: Directus\Application\Http\Middleware\AbstractRateLimitMiddleware->__invoke
#21 F:\aaic.directus\vendor\slim\slim\Slim\DeferredCallable.php(57): call_user_func_array
#22 [internal function]: Slim\DeferredCallable->__invoke
#23 F:\aaic.directus\vendor\slim\slim\Slim\MiddlewareAwareTrait.php(70): call_user_func
#24 F:\aaic.directus\vendor\directus\proxy-detection\src\ProxyDetectionMiddleware.php(30): Slim\App->Slim\{closure}
#25 F:\aaic.directus\src\core\Directus\Application\Http\Middleware\ProxyMiddleware.php(18): RKA\Middleware\ProxyDetectionMiddleware->__invoke
#26 [internal function]: Directus\Application\Http\Middleware\ProxyMiddleware->__invoke
#27 F:\aaic.directus\vendor\slim\slim\Slim\DeferredCallable.php(57): call_user_func_array
#28 [internal function]: Slim\DeferredCallable->__invoke
#29 F:\aaic.directus\vendor\slim\slim\Slim\MiddlewareAwareTrait.php(70): call_user_func
#30 F:\aaic.directus\vendor\akrabat\ip-address-middleware\src\IpAddress.php(113): Slim\App->Slim\{closure}
#31 [internal function]: RKA\Middleware\IpAddress->__invoke
#32 F:\aaic.directus\vendor\slim\slim\Slim\DeferredCallable.php(57): call_user_func_array
#33 [internal function]: Slim\DeferredCallable->__invoke
#34 F:\aaic.directus\vendor\slim\slim\Slim\MiddlewareAwareTrait.php(70): call_user_func
#35 F:\aaic.directus\src\core\Directus\Application\Http\Middleware\CorsMiddleware.php(71): Slim\App->Slim\{closure}
#36 [internal function]: Directus\Application\Http\Middleware\CorsMiddleware->__invoke
#37 F:\aaic.directus\vendor\slim\slim\Slim\DeferredCallable.php(57): call_user_func_array
#38 [internal function]: Slim\DeferredCallable->__invoke
#39 F:\aaic.directus\vendor\slim\slim\Slim\MiddlewareAwareTrait.php(70): call_user_func
#40 F:\aaic.directus\src\core\Directus\Application\Http\Middleware\ResponseCacheMiddleware.php(63): Slim\App->Slim\{closure}
#41 [internal function]: Directus\Application\Http\Middleware\ResponseCacheMiddleware->__invoke
#42 F:\aaic.directus\vendor\slim\slim\Slim\DeferredCallable.php(57): call_user_func_array
#43 [internal function]: Slim\DeferredCallable->__invoke
#44 F:\aaic.directus\vendor\slim\slim\Slim\MiddlewareAwareTrait.php(70): call_user_func
#45 F:\aaic.directus\vendor\slim\slim\Slim\MiddlewareAwareTrait.php(117): Slim\App->Slim\{closure}
#46 F:\aaic.directus\vendor\slim\slim\Slim\App.php(392): Slim\App->callMiddlewareStack
#47 F:\aaic.directus\vendor\slim\slim\Slim\App.php(297): Slim\App->process
#48 F:\aaic.directus\src\core\Directus\Application\Application.php(161): Slim\App->run
#49 F:\aaic.directus\index.php(5): Directus\Application\Application->run [] []
[2020-06-30 12:43:43] api[aaicnote].ERROR: Directus\Authentication\Exception\InvalidUserCredentialsException: Invalid user credentials in F:\aaic.directus\src\core\Directus\Authentication\Provider.php:176
Stack trace:
#0 F:\aaic.directus\src\core\Directus\Authentication\Provider.php(127): Directus\Authentication\Provider->findUserWithCredentials
#1 F:\aaic.directus\src\core\Directus\Services\AuthService.php(59): Directus\Authentication\Provider->login
#2 F:\aaic.directus\src\endpoints\Auth.php(67): Directus\Services\AuthService->loginWithCredentials
#3 [internal function]: Directus\Api\Routes\Auth->authenticate
#4 F:\aaic.directus\vendor\slim\slim\Slim\Handlers\Strategies\RequestResponse.php(40): call_user_func
#5 F:\aaic.directus\vendor\slim\slim\Slim\Route.php(281): Slim\Handlers\Strategies\RequestResponse->__invoke
#6 F:\aaic.directus\src\core\Directus\Application\Http\Middleware\TableGatewayMiddleware.php(25): Slim\Route->__invoke
#7 [internal function]: Directus\Application\Http\Middleware\TableGatewayMiddleware->__invoke
#8 F:\aaic.directus\vendor\slim\slim\Slim\DeferredCallable.php(57): call_user_func_array
#9 [internal function]: Slim\DeferredCallable->__invoke
#10 F:\aaic.directus\vendor\slim\slim\Slim\MiddlewareAwareTrait.php(70): call_user_func
#11 F:\aaic.directus\src\core\Directus\Application\Http\Middleware\DatabaseMigrationMiddleware.php(15): Slim\Route->Slim\{closure}
#12 [internal function]: Directus\Application\Http\Middleware\DatabaseMigrationMiddleware->__invoke
#13 F:\aaic.directus\vendor\slim\slim\Slim\DeferredCallable.php(57): call_user_func_array
#14 [internal function]: Slim\DeferredCallable->__invoke
#15 F:\aaic.directus\vendor\slim\slim\Slim\MiddlewareAwareTrait.php(70): call_user_func
#16 F:\aaic.directus\vendor\slim\slim\Slim\MiddlewareAwareTrait.php(117): Slim\Route->Slim\{closure}
#17 F:\aaic.directus\vendor\slim\slim\Slim\Route.php(268): Slim\Route->callMiddlewareStack
#18 F:\aaic.directus\vendor\slim\slim\Slim\App.php(503): Slim\Route->run
#19 F:\aaic.directus\src\core\Directus\Application\Http\Middleware\AbstractRateLimitMiddleware.php(34): Slim\App->__invoke
#20 [internal function]: Directus\Application\Http\Middleware\AbstractRateLimitMiddleware->__invoke
#21 F:\aaic.directus\vendor\slim\slim\Slim\DeferredCallable.php(57): call_user_func_array
#22 [internal function]: Slim\DeferredCallable->__invoke
#23 F:\aaic.directus\vendor\slim\slim\Slim\MiddlewareAwareTrait.php(70): call_user_func
#24 F:\aaic.directus\vendor\directus\proxy-detection\src\ProxyDetectionMiddleware.php(30): Slim\App->Slim\{closure}
#25 F:\aaic.directus\src\core\Directus\Application\Http\Middleware\ProxyMiddleware.php(18): RKA\Middleware\ProxyDetectionMiddleware->__invoke
#26 [internal function]: Directus\Application\Http\Middleware\ProxyMiddleware->__invoke
#27 F:\aaic.directus\vendor\slim\slim\Slim\DeferredCallable.php(57): call_user_func_array
#28 [internal function]: Slim\DeferredCallable->__invoke
#29 F:\aaic.directus\vendor\slim\slim\Slim\MiddlewareAwareTrait.php(70): call_user_func
#30 F:\aaic.directus\vendor\akrabat\ip-address-middleware\src\IpAddress.php(113): Slim\App->Slim\{closure}
#31 [internal function]: RKA\Middleware\IpAddress->__invoke
#32 F:\aaic.directus\vendor\slim\slim\Slim\DeferredCallable.php(57): call_user_func_array
#33 [internal function]: Slim\DeferredCallable->__invoke
#34 F:\aaic.directus\vendor\slim\slim\Slim\MiddlewareAwareTrait.php(70): call_user_func
#35 F:\aaic.directus\src\core\Directus\Application\Http\Middleware\CorsMiddleware.php(71): Slim\App->Slim\{closure}
#36 [internal function]: Directus\Application\Http\Middleware\CorsMiddleware->__invoke
#37 F:\aaic.directus\vendor\slim\slim\Slim\DeferredCallable.php(57): call_user_func_array
#38 [internal function]: Slim\DeferredCallable->__invoke
#39 F:\aaic.directus\vendor\slim\slim\Slim\MiddlewareAwareTrait.php(70): call_user_func
#40 F:\aaic.directus\src\core\Directus\Application\Http\Middleware\ResponseCacheMiddleware.php(63): Slim\App->Slim\{closure}
#41 [internal function]: Directus\Application\Http\Middleware\ResponseCacheMiddleware->__invoke
#42 F:\aaic.directus\vendor\slim\slim\Slim\DeferredCallable.php(57): call_user_func_array
#43 [internal function]: Slim\DeferredCallable->__invoke
#44 F:\aaic.directus\vendor\slim\slim\Slim\MiddlewareAwareTrait.php(70): call_user_func
#45 F:\aaic.directus\vendor\slim\slim\Slim\MiddlewareAwareTrait.php(117): Slim\App->Slim\{closure}
#46 F:\aaic.directus\vendor\slim\slim\Slim\App.php(392): Slim\App->callMiddlewareStack
#47 F:\aaic.directus\vendor\slim\slim\Slim\App.php(297): Slim\App->process
#48 F:\aaic.directus\src\core\Directus\Application\Application.php(161): Slim\App->run
#49 F:\aaic.directus\index.php(5): Directus\Application\Application->run [] []
